[debug] > Exec(early(addDefaultCommands), None, None)
[debug] > Exec(addDefaultCommands, None, None)
[debug] > Exec(early(initialize), None, None)
[debug] > Exec(initialize, None, None)
[debug] > Exec(boot, None, None)
[debug] > Exec(writeSbtVersion, None, None)
[debug] > Exec(reload, None, None)
[debug] > Exec(sbtStashOnFailure, None, None)
[debug] > Exec(onFailure loadFailed, None, None)
[debug] > Exec(loadp, None, None)
[info] welcome to sbt 1.6.2 (Oracle Corporation Java 17.0.1)
[debug] Load.defaultLoad until apply took 709.7402ms
[debug]           Load.loadUnit: plugins took 188.4959ms
[debug]           Load.loadUnit: defsScala took 1.1309ms
[debug] [Loading] Scanning directory D:\Documenten\Sogyo\Scala\leap-year\project
[debug] [Loading] Found non-root projects 
[debug] [Loading] Done in D:\Documenten\Sogyo\Scala\leap-year\project, returning: ()
[debug] deducing auto plugins based on known facts Set(Atom(sbt.plugins.CorePlugin)) and clauses Clauses(Clause(Atom(sbt.plugins.JvmPlugin),Set(Atom(sbt.plugins.IvyPlugin)))
[debug] Clause(Atom(sbt.ScriptedPlugin),Set(Atom(sbt.plugins.JvmPlugin)))
[debug] Clause(Atom(sbt.plugins.SbtPlugin),Set(Atom(sbt.ScriptedPlugin)))
[debug] Clause(Atom(sbt.plugins.SemanticdbPlugin),Set(Atom(sbt.plugins.JvmPlugin)))
[debug] Clause(Atom(sbt.plugins.JUnitXmlReportPlugin),Set(Atom(sbt.plugins.JvmPlugin)))
[debug] Clause(Atom(sbt.plugins.MiniDependencyTreePlugin),Set(Atom(sbt.plugins.JvmPlugin)))
[debug] Clause(Atom(sbt.plugins.CorePlugin),Set(Atom(sbt.plugins.IvyPlugin)))
[debug] Clause(Atom(sbt.plugins.IvyPlugin),Set(Atom(sbt.plugins.JvmPlugin)))
[debug] Clause(Atom(sbt.plugins.JvmPlugin),Set(Atom(sbt.plugins.SemanticdbPlugin)))
[debug] Clause(Atom(sbt.plugins.JvmPlugin),Set(Atom(sbt.plugins.JUnitXmlReportPlugin)))
[debug] Clause(Atom(sbt.plugins.CorePlugin),Set(Atom(sbt.plugins.Giter8TemplatePlugin)))
[debug] Clause(Atom(sbt.plugins.JvmPlugin),Set(Atom(sbt.plugins.MiniDependencyTreePlugin))))
[debug]   :: deduced result: Matched(sbt.plugins.CorePlugin,sbt.plugins.Giter8TemplatePlugin,sbt.plugins.IvyPlugin,sbt.plugins.JvmPlugin,sbt.plugins.MiniDependencyTreePlugin,sbt.plugins.JUnitXmlReportPlugin,sbt.plugins.SemanticdbPlugin)
[debug] Plugins.deducer#function took 31.1357 ms
[debug]               Load.resolveProject(leap-year-build) took 75.1536ms
[debug]             Load.loadTransitive: finalizeProject(Project(id leap-year-build, base: D:\Documenten\Sogyo\Scala\leap-year\project, plugins: List(<none>))) took 149.2486ms
[debug] [Loading] Done in D:\Documenten\Sogyo\Scala\leap-year\project, returning: (leap-year-build)
[debug]           Load.loadUnit: loadedProjectsRaw took 193.8016ms
[debug]           Load.loadUnit: cleanEvalClasses took 0.2799ms
[debug]         Load.loadUnit(file:/D:/Documenten/Sogyo/Scala/leap-year/project/, ...) took 395.38ms
[debug]       Load.apply: load took 577.0279ms
[debug]       Load.apply: resolveProjects took 7.5404ms
[debug]       Load.apply: finalTransforms took 82.6127ms
[debug]       Load.apply: config.delegates took 11.9244ms
[debug]       Load.apply: Def.make(settings)... took 846.8048ms
[debug]       Load.apply: structureIndex took 127.2062ms
[debug]       Load.apply: mkStreams took 2.1829ms
[info] loading project definition from D:\Documenten\Sogyo\Scala\leap-year\project
[debug] Running task... Cancel: Signal, check cycles: false, forcegc: true
[debug]     Load.loadUnit: plugins took 2858.3421ms
[debug]     Load.loadUnit: defsScala took 0.0037ms
[debug] [Loading] Scanning directory D:\Documenten\Sogyo\Scala\leap-year
[debug]       Load.loadUnit: mkEval took 7.2672ms
[debug] [Loading] Found root project root w/ remaining 
[debug] deducing auto plugins based on known facts Set(Atom(sbt.plugins.CorePlugin)) and clauses Clauses(Clause(Atom(sbt.plugins.JvmPlugin),Set(Atom(sbt.plugins.IvyPlugin)))
[debug] Clause(Atom(sbt.ScriptedPlugin),Set(Atom(sbt.plugins.JvmPlugin)))
[debug] Clause(Atom(sbt.plugins.SbtPlugin),Set(Atom(sbt.ScriptedPlugin)))
[debug] Clause(Atom(sbt.plugins.SemanticdbPlugin),Set(Atom(sbt.plugins.JvmPlugin)))
[debug] Clause(Atom(sbt.plugins.JUnitXmlReportPlugin),Set(Atom(sbt.plugins.JvmPlugin)))
[debug] Clause(Atom(sbt.plugins.MiniDependencyTreePlugin),Set(Atom(sbt.plugins.JvmPlugin)))
[debug] Clause(Atom(sbt.plugins.CorePlugin),Set(Atom(sbt.plugins.IvyPlugin)))
[debug] Clause(Atom(sbt.plugins.IvyPlugin),Set(Atom(sbt.plugins.JvmPlugin)))
[debug] Clause(Atom(sbt.plugins.JvmPlugin),Set(Atom(sbt.plugins.SemanticdbPlugin)))
[debug] Clause(Atom(sbt.plugins.JvmPlugin),Set(Atom(sbt.plugins.JUnitXmlReportPlugin)))
[debug] Clause(Atom(sbt.plugins.CorePlugin),Set(Atom(sbt.plugins.Giter8TemplatePlugin)))
[debug] Clause(Atom(sbt.plugins.JvmPlugin),Set(Atom(sbt.plugins.MiniDependencyTreePlugin))))
[debug]   :: deduced result: Matched(sbt.plugins.CorePlugin,sbt.plugins.Giter8TemplatePlugin,sbt.plugins.IvyPlugin,sbt.plugins.JvmPlugin,sbt.plugins.MiniDependencyTreePlugin,sbt.plugins.JUnitXmlReportPlugin,sbt.plugins.SemanticdbPlugin)
[debug] Plugins.deducer#function took 2.1719 ms
[info] loading settings for project root from build.sbt ...
[debug]         Load.resolveProject(root) took 6.4089ms
[debug]       Load.loadTransitive: finalizeProject(Project(id root, base: D:\Documenten\Sogyo\Scala\leap-year, plugins: List(<none>))) took 10.1516ms
[debug] [Loading] Done in D:\Documenten\Sogyo\Scala\leap-year, returning: (root)
[debug]     Load.loadUnit: loadedProjectsRaw took 316.3512ms
[debug]     Load.loadUnit: cleanEvalClasses took 12.1105ms
[debug]   Load.loadUnit(file:/D:/Documenten/Sogyo/Scala/leap-year/, ...) took 3190.5242ms
[debug] Load.apply: load took 3224.6335ms
[debug] Load.apply: resolveProjects took 0.2027ms
[debug] Load.apply: finalTransforms took 18.3901ms
[debug] Load.apply: config.delegates took 1.3642ms
[debug] Load.apply: Def.make(settings)... took 114.2976ms
[debug] Load.apply: structureIndex took 46.3451ms
[debug] Load.apply: mkStreams took 0.0027ms
[info] set current project to leap-year (in build file:/D:/Documenten/Sogyo/Scala/leap-year/)
[debug] > Exec(sbtPopOnFailure, None, None)
[debug] > Exec(resumeFromFailure, None, None)
[debug] > Exec(notifyUsersAboutShell, None, None)
[debug] > Exec(iflast shell, None, None)
[debug] > Exec(shell, None, None)
[error] server failed to start on local:sbt-server-711b29ff2ab78e6d8eb1. java.io.IOException: Could not create lock for \\.\pipe\sbt-server-711b29ff2ab78e6d8eb1_lock, error 5
[debug] Forcing garbage collection...
