[debug] > Exec(early(addDefaultCommands), None, None)
[debug] > Exec(addDefaultCommands, None, None)
[debug] > Exec(early(initialize), None, None)
[debug] > Exec(initialize, None, None)
[debug] > Exec(boot, None, None)
[debug] > Exec(writeSbtVersion, None, None)
[debug] > Exec(reload, None, None)
[debug] > Exec(sbtStashOnFailure, None, None)
[debug] > Exec(onFailure loadFailed, None, None)
[debug] > Exec(loadp, None, None)
[info] welcome to sbt 1.6.2 (Oracle Corporation Java 17.0.1)
[debug] Load.defaultLoad until apply took 621.9487ms
[debug]           Load.loadUnit: plugins took 137.4804ms
[debug]           Load.loadUnit: defsScala took 0.8953ms
[debug] [Loading] Scanning directory D:\Documenten\Sogyo\Scala\leap-year\project
[debug] [Loading] Found non-root projects 
[debug] [Loading] Done in D:\Documenten\Sogyo\Scala\leap-year\project, returning: ()
[debug] deducing auto plugins based on known facts Set(Atom(sbt.plugins.CorePlugin)) and clauses Clauses(Clause(Atom(sbt.plugins.JvmPlugin),Set(Atom(sbt.plugins.IvyPlugin)))
[debug] Clause(Atom(sbt.ScriptedPlugin),Set(Atom(sbt.plugins.JvmPlugin)))
[debug] Clause(Atom(sbt.plugins.SbtPlugin),Set(Atom(sbt.ScriptedPlugin)))
[debug] Clause(Atom(sbt.plugins.SemanticdbPlugin),Set(Atom(sbt.plugins.JvmPlugin)))
[debug] Clause(Atom(sbt.plugins.JUnitXmlReportPlugin),Set(Atom(sbt.plugins.JvmPlugin)))
[debug] Clause(Atom(sbt.plugins.MiniDependencyTreePlugin),Set(Atom(sbt.plugins.JvmPlugin)))
[debug] Clause(Atom(sbt.plugins.CorePlugin),Set(Atom(sbt.plugins.IvyPlugin)))
[debug] Clause(Atom(sbt.plugins.IvyPlugin),Set(Atom(sbt.plugins.JvmPlugin)))
[debug] Clause(Atom(sbt.plugins.JvmPlugin),Set(Atom(sbt.plugins.SemanticdbPlugin)))
[debug] Clause(Atom(sbt.plugins.JvmPlugin),Set(Atom(sbt.plugins.JUnitXmlReportPlugin)))
[debug] Clause(Atom(sbt.plugins.CorePlugin),Set(Atom(sbt.plugins.Giter8TemplatePlugin)))
[debug] Clause(Atom(sbt.plugins.JvmPlugin),Set(Atom(sbt.plugins.MiniDependencyTreePlugin))))
[debug]   :: deduced result: Matched(sbt.plugins.CorePlugin,sbt.plugins.Giter8TemplatePlugin,sbt.plugins.IvyPlugin,sbt.plugins.JvmPlugin,sbt.plugins.MiniDependencyTreePlugin,sbt.plugins.JUnitXmlReportPlugin,sbt.plugins.SemanticdbPlugin)
[debug] Plugins.deducer#function took 24.49 ms
[debug]               Load.resolveProject(leap-year-build) took 98.3438ms
[debug]             Load.loadTransitive: finalizeProject(Project(id leap-year-build, base: D:\Documenten\Sogyo\Scala\leap-year\project, plugins: List(<none>))) took 151.964ms
[debug] [Loading] Done in D:\Documenten\Sogyo\Scala\leap-year\project, returning: (leap-year-build)
[debug]           Load.loadUnit: loadedProjectsRaw took 188.9774ms
[debug]           Load.loadUnit: cleanEvalClasses took 0.3149ms
[debug]         Load.loadUnit(file:/D:/Documenten/Sogyo/Scala/leap-year/project/, ...) took 338.7036ms
[debug]       Load.apply: load took 535.579ms
[debug]       Load.apply: resolveProjects took 6.1963ms
[debug]       Load.apply: finalTransforms took 83.4891ms
[debug]       Load.apply: config.delegates took 17.9235ms
[debug]       Load.apply: Def.make(settings)... took 539.4611ms
[debug]       Load.apply: structureIndex took 166.6115ms
[debug]       Load.apply: mkStreams took 3.5852ms
[info] loading project definition from D:\Documenten\Sogyo\Scala\leap-year\project
[debug] Running task... Cancel: Signal, check cycles: false, forcegc: true
[debug]     Load.loadUnit: plugins took 2445.318ms
[debug]     Load.loadUnit: defsScala took 0.0065ms
[debug] [Loading] Scanning directory D:\Documenten\Sogyo\Scala\leap-year
[debug]       Load.loadUnit: mkEval took 5.954ms
[debug] [Loading] Found root project root w/ remaining 
[debug] deducing auto plugins based on known facts Set(Atom(sbt.plugins.CorePlugin)) and clauses Clauses(Clause(Atom(sbt.plugins.JvmPlugin),Set(Atom(sbt.plugins.IvyPlugin)))
[debug] Clause(Atom(sbt.ScriptedPlugin),Set(Atom(sbt.plugins.JvmPlugin)))
[debug] Clause(Atom(sbt.plugins.SbtPlugin),Set(Atom(sbt.ScriptedPlugin)))
[debug] Clause(Atom(sbt.plugins.SemanticdbPlugin),Set(Atom(sbt.plugins.JvmPlugin)))
[debug] Clause(Atom(sbt.plugins.JUnitXmlReportPlugin),Set(Atom(sbt.plugins.JvmPlugin)))
[debug] Clause(Atom(sbt.plugins.MiniDependencyTreePlugin),Set(Atom(sbt.plugins.JvmPlugin)))
[debug] Clause(Atom(sbt.plugins.CorePlugin),Set(Atom(sbt.plugins.IvyPlugin)))
[debug] Clause(Atom(sbt.plugins.IvyPlugin),Set(Atom(sbt.plugins.JvmPlugin)))
[debug] Clause(Atom(sbt.plugins.JvmPlugin),Set(Atom(sbt.plugins.SemanticdbPlugin)))
[debug] Clause(Atom(sbt.plugins.JvmPlugin),Set(Atom(sbt.plugins.JUnitXmlReportPlugin)))
[debug] Clause(Atom(sbt.plugins.CorePlugin),Set(Atom(sbt.plugins.Giter8TemplatePlugin)))
[debug] Clause(Atom(sbt.plugins.JvmPlugin),Set(Atom(sbt.plugins.MiniDependencyTreePlugin))))
[debug]   :: deduced result: Matched(sbt.plugins.CorePlugin,sbt.plugins.Giter8TemplatePlugin,sbt.plugins.IvyPlugin,sbt.plugins.JvmPlugin,sbt.plugins.MiniDependencyTreePlugin,sbt.plugins.JUnitXmlReportPlugin,sbt.plugins.SemanticdbPlugin)
[debug] Plugins.deducer#function took 2.0434 ms
[info] loading settings for project root from build.sbt ...
[debug]         Load.resolveProject(root) took 3.4371ms
[debug]       Load.loadTransitive: finalizeProject(Project(id root, base: D:\Documenten\Sogyo\Scala\leap-year, plugins: List(<none>))) took 6.8485ms
[debug] [Loading] Done in D:\Documenten\Sogyo\Scala\leap-year, returning: (root)
[debug]     Load.loadUnit: loadedProjectsRaw took 2237.2568ms
[debug]     Load.loadUnit: cleanEvalClasses took 14.2193ms
[debug]   Load.loadUnit(file:/D:/Documenten/Sogyo/Scala/leap-year/, ...) took 4700.0219ms
[debug] Load.apply: load took 4735.1244ms
[debug] Load.apply: resolveProjects took 0.1644ms
[debug] Load.apply: finalTransforms took 12.8263ms
[debug] Load.apply: config.delegates took 0.9234ms
[debug] Load.apply: Def.make(settings)... took 127.1073ms
[debug] Load.apply: structureIndex took 42.7306ms
[debug] Load.apply: mkStreams took 0.0034ms
[info] set current project to leap-year (in build file:/D:/Documenten/Sogyo/Scala/leap-year/)
[debug] > Exec(sbtPopOnFailure, None, None)
[debug] > Exec(resumeFromFailure, None, None)
[debug] > Exec(notifyUsersAboutShell, None, None)
[debug] > Exec(iflast shell, None, None)
[debug] > Exec(shell, None, None)
[error] server failed to start on local:sbt-server-711b29ff2ab78e6d8eb1. java.io.IOException: Could not create lock for \\.\pipe\sbt-server-711b29ff2ab78e6d8eb1_lock, error 5
