[debug] > Exec(early(addDefaultCommands), None, None)
[debug] > Exec(addDefaultCommands, None, None)
[debug] > Exec(early(initialize), None, None)
[debug] > Exec(initialize, None, None)
[debug] > Exec(boot, None, None)
[debug] > Exec(writeSbtVersion, None, None)
[debug] > Exec(reload, None, None)
[debug] > Exec(sbtStashOnFailure, None, None)
[debug] > Exec(onFailure loadFailed, None, None)
[debug] > Exec(loadp, None, None)
[info] welcome to sbt 1.6.2 (Oracle Corporation Java 17.0.1)
[debug] Load.defaultLoad until apply took 624.1474ms
[debug]           Load.loadUnit: plugins took 144.1068ms
[debug]           Load.loadUnit: defsScala took 0.4542ms
[debug] [Loading] Scanning directory D:\Documenten\Sogyo\Scala\leap-year\project
[debug] [Loading] Found non-root projects 
[debug] [Loading] Done in D:\Documenten\Sogyo\Scala\leap-year\project, returning: ()
[debug] deducing auto plugins based on known facts Set(Atom(sbt.plugins.CorePlugin)) and clauses Clauses(Clause(Atom(sbt.plugins.JvmPlugin),Set(Atom(sbt.plugins.IvyPlugin)))
[debug] Clause(Atom(sbt.ScriptedPlugin),Set(Atom(sbt.plugins.JvmPlugin)))
[debug] Clause(Atom(sbt.plugins.SbtPlugin),Set(Atom(sbt.ScriptedPlugin)))
[debug] Clause(Atom(sbt.plugins.SemanticdbPlugin),Set(Atom(sbt.plugins.JvmPlugin)))
[debug] Clause(Atom(sbt.plugins.JUnitXmlReportPlugin),Set(Atom(sbt.plugins.JvmPlugin)))
[debug] Clause(Atom(sbt.plugins.MiniDependencyTreePlugin),Set(Atom(sbt.plugins.JvmPlugin)))
[debug] Clause(Atom(sbt.plugins.CorePlugin),Set(Atom(sbt.plugins.IvyPlugin)))
[debug] Clause(Atom(sbt.plugins.IvyPlugin),Set(Atom(sbt.plugins.JvmPlugin)))
[debug] Clause(Atom(sbt.plugins.JvmPlugin),Set(Atom(sbt.plugins.SemanticdbPlugin)))
[debug] Clause(Atom(sbt.plugins.JvmPlugin),Set(Atom(sbt.plugins.JUnitXmlReportPlugin)))
[debug] Clause(Atom(sbt.plugins.CorePlugin),Set(Atom(sbt.plugins.Giter8TemplatePlugin)))
[debug] Clause(Atom(sbt.plugins.JvmPlugin),Set(Atom(sbt.plugins.MiniDependencyTreePlugin))))
[debug]   :: deduced result: Matched(sbt.plugins.CorePlugin,sbt.plugins.Giter8TemplatePlugin,sbt.plugins.IvyPlugin,sbt.plugins.JvmPlugin,sbt.plugins.MiniDependencyTreePlugin,sbt.plugins.JUnitXmlReportPlugin,sbt.plugins.SemanticdbPlugin)
[debug] Plugins.deducer#function took 35.7576 ms
[debug]               Load.resolveProject(leap-year-build) took 65.4802ms
[debug]             Load.loadTransitive: finalizeProject(Project(id leap-year-build, base: D:\Documenten\Sogyo\Scala\leap-year\project, plugins: List(<none>))) took 140.3697ms
[debug] [Loading] Done in D:\Documenten\Sogyo\Scala\leap-year\project, returning: (leap-year-build)
[debug]           Load.loadUnit: loadedProjectsRaw took 182.5618ms
[debug]           Load.loadUnit: cleanEvalClasses took 0.2858ms
[debug]         Load.loadUnit(file:/D:/Documenten/Sogyo/Scala/leap-year/project/, ...) took 337.5187ms
[debug]       Load.apply: load took 542.1034ms
[debug]       Load.apply: resolveProjects took 8.4101ms
[debug]       Load.apply: finalTransforms took 97.4195ms
[debug]       Load.apply: config.delegates took 19.4643ms
[debug]       Load.apply: Def.make(settings)... took 712.5828ms
[debug]       Load.apply: structureIndex took 122.6325ms
[debug]       Load.apply: mkStreams took 1.9755ms
[info] loading project definition from D:\Documenten\Sogyo\Scala\leap-year\project
[debug] Running task... Cancel: Signal, check cycles: false, forcegc: true
[debug]     Load.loadUnit: plugins took 2706.0092ms
[debug]     Load.loadUnit: defsScala took 0.0034ms
[debug] [Loading] Scanning directory D:\Documenten\Sogyo\Scala\leap-year
[debug]       Load.loadUnit: mkEval took 8.8312ms
[debug] [Loading] Found root project root w/ remaining 
[debug] deducing auto plugins based on known facts Set(Atom(sbt.plugins.CorePlugin)) and clauses Clauses(Clause(Atom(sbt.plugins.JvmPlugin),Set(Atom(sbt.plugins.IvyPlugin)))
[debug] Clause(Atom(sbt.ScriptedPlugin),Set(Atom(sbt.plugins.JvmPlugin)))
[debug] Clause(Atom(sbt.plugins.SbtPlugin),Set(Atom(sbt.ScriptedPlugin)))
[debug] Clause(Atom(sbt.plugins.SemanticdbPlugin),Set(Atom(sbt.plugins.JvmPlugin)))
[debug] Clause(Atom(sbt.plugins.JUnitXmlReportPlugin),Set(Atom(sbt.plugins.JvmPlugin)))
[debug] Clause(Atom(sbt.plugins.MiniDependencyTreePlugin),Set(Atom(sbt.plugins.JvmPlugin)))
[debug] Clause(Atom(sbt.plugins.CorePlugin),Set(Atom(sbt.plugins.IvyPlugin)))
[debug] Clause(Atom(sbt.plugins.IvyPlugin),Set(Atom(sbt.plugins.JvmPlugin)))
[debug] Clause(Atom(sbt.plugins.JvmPlugin),Set(Atom(sbt.plugins.SemanticdbPlugin)))
[debug] Clause(Atom(sbt.plugins.JvmPlugin),Set(Atom(sbt.plugins.JUnitXmlReportPlugin)))
[debug] Clause(Atom(sbt.plugins.CorePlugin),Set(Atom(sbt.plugins.Giter8TemplatePlugin)))
[debug] Clause(Atom(sbt.plugins.JvmPlugin),Set(Atom(sbt.plugins.MiniDependencyTreePlugin))))
[debug]   :: deduced result: Matched(sbt.plugins.CorePlugin,sbt.plugins.Giter8TemplatePlugin,sbt.plugins.IvyPlugin,sbt.plugins.JvmPlugin,sbt.plugins.MiniDependencyTreePlugin,sbt.plugins.JUnitXmlReportPlugin,sbt.plugins.SemanticdbPlugin)
[debug] Plugins.deducer#function took 1.9737 ms
[info] loading settings for project root from build.sbt ...
[debug]         Load.resolveProject(root) took 3.943ms
[debug]       Load.loadTransitive: finalizeProject(Project(id root, base: D:\Documenten\Sogyo\Scala\leap-year, plugins: List(<none>))) took 7.7912ms
[debug] [Loading] Done in D:\Documenten\Sogyo\Scala\leap-year, returning: (root)
[debug]     Load.loadUnit: loadedProjectsRaw took 194.1904ms
[debug]     Load.loadUnit: cleanEvalClasses took 8.8889ms
[debug]   Load.loadUnit(file:/D:/Documenten/Sogyo/Scala/leap-year/, ...) took 2912.6094ms
[debug] Load.apply: load took 2948.3803ms
[debug] Load.apply: resolveProjects took 0.2357ms
[debug] Load.apply: finalTransforms took 20.0818ms
[debug] Load.apply: config.delegates took 0.4772ms
[debug] Load.apply: Def.make(settings)... took 99.1751ms
[debug] Load.apply: structureIndex took 42.4828ms
[debug] Load.apply: mkStreams took 0.0022ms
[info] set current project to leap-year (in build file:/D:/Documenten/Sogyo/Scala/leap-year/)
[debug] > Exec(sbtPopOnFailure, None, None)
[debug] > Exec(resumeFromFailure, None, None)
[debug] > Exec(notifyUsersAboutShell, None, None)
[debug] > Exec(iflast shell, None, None)
[debug] > Exec(shell, None, None)
[error] server failed to start on local:sbt-server-711b29ff2ab78e6d8eb1. java.io.IOException: Could not create lock for \\.\pipe\sbt-server-711b29ff2ab78e6d8eb1_lock, error 5
