[debug] > Exec(early(addDefaultCommands), None, None)
[debug] > Exec(addDefaultCommands, None, None)
[debug] > Exec(early(initialize), None, None)
[debug] > Exec(initialize, None, None)
[debug] > Exec(boot, None, None)
[debug] > Exec(writeSbtVersion, None, None)
[debug] > Exec(reload, None, None)
[debug] > Exec(sbtStashOnFailure, None, None)
[debug] > Exec(onFailure loadFailed, None, None)
[debug] > Exec(loadp, None, None)
[info] welcome to sbt 1.6.2 (Oracle Corporation Java 17.0.1)
[debug] Load.defaultLoad until apply took 557.4685ms
[debug]           Load.loadUnit: plugins took 135.6133ms
[debug]           Load.loadUnit: defsScala took 0.7723ms
[debug] [Loading] Scanning directory D:\Documenten\Sogyo\Scala\leap-year\project
[debug] [Loading] Found non-root projects 
[debug] [Loading] Done in D:\Documenten\Sogyo\Scala\leap-year\project, returning: ()
[debug] deducing auto plugins based on known facts Set(Atom(sbt.plugins.CorePlugin)) and clauses Clauses(Clause(Atom(sbt.plugins.JvmPlugin),Set(Atom(sbt.plugins.IvyPlugin)))
[debug] Clause(Atom(sbt.ScriptedPlugin),Set(Atom(sbt.plugins.JvmPlugin)))
[debug] Clause(Atom(sbt.plugins.SbtPlugin),Set(Atom(sbt.ScriptedPlugin)))
[debug] Clause(Atom(sbt.plugins.SemanticdbPlugin),Set(Atom(sbt.plugins.JvmPlugin)))
[debug] Clause(Atom(sbt.plugins.JUnitXmlReportPlugin),Set(Atom(sbt.plugins.JvmPlugin)))
[debug] Clause(Atom(sbt.plugins.MiniDependencyTreePlugin),Set(Atom(sbt.plugins.JvmPlugin)))
[debug] Clause(Atom(sbt.plugins.CorePlugin),Set(Atom(sbt.plugins.IvyPlugin)))
[debug] Clause(Atom(sbt.plugins.IvyPlugin),Set(Atom(sbt.plugins.JvmPlugin)))
[debug] Clause(Atom(sbt.plugins.JvmPlugin),Set(Atom(sbt.plugins.SemanticdbPlugin)))
[debug] Clause(Atom(sbt.plugins.JvmPlugin),Set(Atom(sbt.plugins.JUnitXmlReportPlugin)))
[debug] Clause(Atom(sbt.plugins.CorePlugin),Set(Atom(sbt.plugins.Giter8TemplatePlugin)))
[debug] Clause(Atom(sbt.plugins.JvmPlugin),Set(Atom(sbt.plugins.MiniDependencyTreePlugin))))
[debug]   :: deduced result: Matched(sbt.plugins.CorePlugin,sbt.plugins.Giter8TemplatePlugin,sbt.plugins.IvyPlugin,sbt.plugins.JvmPlugin,sbt.plugins.MiniDependencyTreePlugin,sbt.plugins.JUnitXmlReportPlugin,sbt.plugins.SemanticdbPlugin)
[debug] Plugins.deducer#function took 32.8632 ms
[debug]               Load.resolveProject(leap-year-build) took 95.8075ms
[debug]             Load.loadTransitive: finalizeProject(Project(id leap-year-build, base: D:\Documenten\Sogyo\Scala\leap-year\project, plugins: List(<none>))) took 159.5623ms
[debug] [Loading] Done in D:\Documenten\Sogyo\Scala\leap-year\project, returning: (leap-year-build)
[debug]           Load.loadUnit: loadedProjectsRaw took 192.1551ms
[debug]           Load.loadUnit: cleanEvalClasses took 0.2694ms
[debug]         Load.loadUnit(file:/D:/Documenten/Sogyo/Scala/leap-year/project/, ...) took 342.0716ms
[debug]       Load.apply: load took 532.1888ms
[debug]       Load.apply: resolveProjects took 6.0645ms
[debug]       Load.apply: finalTransforms took 74.1612ms
[debug]       Load.apply: config.delegates took 13.8294ms
[debug]       Load.apply: Def.make(settings)... took 552.6791ms
[debug]       Load.apply: structureIndex took 123.8541ms
[debug]       Load.apply: mkStreams took 2.539ms
[info] loading project definition from D:\Documenten\Sogyo\Scala\leap-year\project
[debug] Running task... Cancel: Signal, check cycles: false, forcegc: true
[debug]     Load.loadUnit: plugins took 2380.0857ms
[debug]     Load.loadUnit: defsScala took 0.0036ms
[debug] [Loading] Scanning directory D:\Documenten\Sogyo\Scala\leap-year
[debug]       Load.loadUnit: mkEval took 4.4012ms
[debug] [Loading] Found root project root w/ remaining 
[debug] deducing auto plugins based on known facts Set(Atom(sbt.plugins.CorePlugin)) and clauses Clauses(Clause(Atom(sbt.plugins.JvmPlugin),Set(Atom(sbt.plugins.IvyPlugin)))
[debug] Clause(Atom(sbt.ScriptedPlugin),Set(Atom(sbt.plugins.JvmPlugin)))
[debug] Clause(Atom(sbt.plugins.SbtPlugin),Set(Atom(sbt.ScriptedPlugin)))
[debug] Clause(Atom(sbt.plugins.SemanticdbPlugin),Set(Atom(sbt.plugins.JvmPlugin)))
[debug] Clause(Atom(sbt.plugins.JUnitXmlReportPlugin),Set(Atom(sbt.plugins.JvmPlugin)))
[debug] Clause(Atom(sbt.plugins.MiniDependencyTreePlugin),Set(Atom(sbt.plugins.JvmPlugin)))
[debug] Clause(Atom(sbt.plugins.CorePlugin),Set(Atom(sbt.plugins.IvyPlugin)))
[debug] Clause(Atom(sbt.plugins.IvyPlugin),Set(Atom(sbt.plugins.JvmPlugin)))
[debug] Clause(Atom(sbt.plugins.JvmPlugin),Set(Atom(sbt.plugins.SemanticdbPlugin)))
[debug] Clause(Atom(sbt.plugins.JvmPlugin),Set(Atom(sbt.plugins.JUnitXmlReportPlugin)))
[debug] Clause(Atom(sbt.plugins.CorePlugin),Set(Atom(sbt.plugins.Giter8TemplatePlugin)))
[debug] Clause(Atom(sbt.plugins.JvmPlugin),Set(Atom(sbt.plugins.MiniDependencyTreePlugin))))
[debug]   :: deduced result: Matched(sbt.plugins.CorePlugin,sbt.plugins.Giter8TemplatePlugin,sbt.plugins.IvyPlugin,sbt.plugins.JvmPlugin,sbt.plugins.MiniDependencyTreePlugin,sbt.plugins.JUnitXmlReportPlugin,sbt.plugins.SemanticdbPlugin)
[debug] Plugins.deducer#function took 2.0651 ms
[info] loading settings for project root from build.sbt ...
[debug]         Load.resolveProject(root) took 4.1395ms
[debug]       Load.loadTransitive: finalizeProject(Project(id root, base: D:\Documenten\Sogyo\Scala\leap-year, plugins: List(<none>))) took 8.3706ms
[debug] [Loading] Done in D:\Documenten\Sogyo\Scala\leap-year, returning: (root)
[debug]     Load.loadUnit: loadedProjectsRaw took 200.9881ms
[debug]     Load.loadUnit: cleanEvalClasses took 9.7537ms
[debug]   Load.loadUnit(file:/D:/Documenten/Sogyo/Scala/leap-year/, ...) took 2594.0257ms
[debug] Load.apply: load took 2628.3884ms
[debug] Load.apply: resolveProjects took 0.2686ms
[debug] Load.apply: finalTransforms took 20.3518ms
[debug] Load.apply: config.delegates took 0.5643ms
[debug] Load.apply: Def.make(settings)... took 107.2932ms
[debug] Load.apply: structureIndex took 39.078ms
[debug] Load.apply: mkStreams took 0.0019ms
[info] set current project to leap-year (in build file:/D:/Documenten/Sogyo/Scala/leap-year/)
[debug] > Exec(sbtPopOnFailure, None, None)
[debug] > Exec(resumeFromFailure, None, None)
[debug] > Exec(notifyUsersAboutShell, None, None)
[debug] > Exec(iflast shell, None, None)
[debug] > Exec(shell, None, None)
[error] server failed to start on local:sbt-server-711b29ff2ab78e6d8eb1. java.io.IOException: Could not create lock for \\.\pipe\sbt-server-711b29ff2ab78e6d8eb1_lock, error 5
