[0m[[0m[0mdebug[0m] [0m[0m> Exec(run, Some(7c8f7673-fa45-4cc8-b5a3-fbffb32d6254), Some(CommandSource(console0)))[0m
[0m[[0m[0mdebug[0m] [0m[0mEvaluating tasks: Compile / run[0m
[0m[[0m[0mdebug[0m] [0m[0mRunning task... Cancel: Signal, check cycles: false, forcegc: true[0m
[0m[[0m[0minfo[0m] [0m[0mcompiling 1 Scala source to D:\Documenten\Sogyo\Scala\hangman\target\scala-3.1.1\classes ...[0m
[0m[[0m[31merror[0m] [0m[0m[31m-- [E006] Not Found Error: D:\Documenten\Sogyo\Scala\hangman\src\main\scala\Main.scala:46:18 [0m[0m
[0m[[0m[31merror[0m] [0m[0m[31m46 |[0m    [33mval[0m [36mgameWin[0m = False[0m
[0m[[0m[31merror[0m] [0m[0m   |                  [31m^^^^^[0m[0m
[0m[[0m[31merror[0m] [0m[0m   |                  Not found: False[0m
[0m[[0m[31merror[0m] [0m[0m[31m-- [E006] Not Found Error: D:\Documenten\Sogyo\Scala\hangman\src\main\scala\Main.scala:49:4 [0m[0m
[0m[[0m[31merror[0m] [0m[0m[31m49 |[0m    gameWin = True[0m
[0m[[0m[31merror[0m] [0m[0m   |    [31m^^^^^^^[0m[0m
[0m[[0m[31merror[0m] [0m[0m   |    Not found: gameWin[0m
[0m[[0m[31merror[0m] [0m[0m[31m-- [E006] Not Found Error: D:\Documenten\Sogyo\Scala\hangman\src\main\scala\Main.scala:49:14 [0m[0m
[0m[[0m[31merror[0m] [0m[0m[31m49 |[0m    gameWin = True[0m
[0m[[0m[31merror[0m] [0m[0m   |              [31m^^^^[0m[0m
[0m[[0m[31merror[0m] [0m[0m   |              Not found: True[0m
[0m[[0m[31merror[0m] [0m[0m[31m-- [E006] Not Found Error: D:\Documenten\Sogyo\Scala\hangman\src\main\scala\Main.scala:51:2 [0m[0m
[0m[[0m[31merror[0m] [0m[0m[31m51 |[0m  gameWin[0m
[0m[[0m[31merror[0m] [0m[0m   |  [31m^^^^^^^[0m[0m
[0m[[0m[31merror[0m] [0m[0m   |  Not found: gameWin[0m
[0m[[0m[31merror[0m] [0m[0mfour errors found[0m
[0m[[0m[31merror[0m] [0m[0mfour errors found[0m
[0m[[0m[31merror[0m] [0m[0m(Compile / [31mcompileIncremental[0m) Compilation failed[0m
[0m[[0m[31merror[0m] [0m[0mTotal time: 0 s, completed Apr 19, 2022, 12:42:10 PM[0m
[0m[[0m[0mdebug[0m] [0m[0m> Exec(shell, None, None)[0m
