2022.04.12 10:57:56 INFO  tracing is disabled for protocol LSP, to enable tracing of incoming and outgoing JSON messages create an empty file at d:\Documenten\Sogyo\Scala\leap-year\.metals\lsp.trace.json or C:\Users\aron7\AppData\Local\scalameta\metals\cache\lsp.trace.json
2022.04.12 10:57:57 INFO  logging to file D:\Documenten\Sogyo\Scala\leap-year\.metals\metals.log
2022.04.12 10:57:57 INFO  Started: Metals version 0.11.2 in workspace 'D:\Documenten\Sogyo\Scala\leap-year' for client Visual Studio Code 1.66.1.
2022.04.12 10:57:57 INFO  Parse release: 17.0.1
2022.04.12 10:58:00 INFO  time: initialize in 3.15s
2022.04.12 10:58:01 WARN  Build server is not auto-connectable.
2022.04.12 10:58:03 WARN  no build target for: D:\Documenten\Sogyo\Scala\leap-year\src\main\scala\Main.scala
2022.04.12 10:58:08 INFO  no build target found for D:\Documenten\Sogyo\Scala\leap-year\src\main\scala\Main.scala. Using presentation compiler with project's scala-library version: 3.1.1
2022.04.12 10:58:11 INFO  time: code lens generation in 7.43s
2022.04.12 10:58:11 INFO  time: code lens generation in 7.43s
2022.04.12 11:03:21 WARN  no build target for: D:\Documenten\Sogyo\Scala\leap-year\src\main\scala\Main.scala
2022.04.12 11:05:23 WARN  no build target for: D:\Documenten\Sogyo\Scala\leap-year\src\main\scala\Main.scala
2022.04.12 11:05:41 WARN  no build target for: D:\Documenten\Sogyo\Scala\leap-year\src\main\scala\Main.scala
2022.04.12 11:05:50 WARN  no build target for: D:\Documenten\Sogyo\Scala\leap-year\src\main\scala\Main.scala
2022.04.12 11:06:00 WARN  no build target for: D:\Documenten\Sogyo\Scala\leap-year\src\main\scala\Main.scala
2022.04.12 11:06:13 WARN  no build target for: D:\Documenten\Sogyo\Scala\leap-year\src\main\scala\Main.scala
2022.04.12 11:06:21 WARN  no build target for: D:\Documenten\Sogyo\Scala\leap-year\src\main\scala\Main.scala
2022.04.12 11:07:40 WARN  no build target for: D:\Documenten\Sogyo\Scala\leap-year\src\main\scala\Main.scala
2022.04.12 11:09:14 WARN  no build target for: D:\Documenten\Sogyo\Scala\leap-year\src\main\scala\Main.scala
2022.04.12 11:10:03 WARN  no build target for: D:\Documenten\Sogyo\Scala\leap-year\src\main\scala\Main.scala
2022.04.12 11:10:48 WARN  no build target for: D:\Documenten\Sogyo\Scala\leap-year\src\main\scala\Main.scala
2022.04.12 11:11:02 WARN  no build target for: D:\Documenten\Sogyo\Scala\leap-year\src\main\scala\Main.scala
2022.04.12 11:15:49 WARN  no build target for: D:\Documenten\Sogyo\Scala\leap-year\src\main\scala\Main.scala
2022.04.12 11:16:03 WARN  no build target for: D:\Documenten\Sogyo\Scala\leap-year\src\main\scala\Main.scala
Apr 12, 2022 11:16:04 AM org.eclipse.lsp4j.jsonrpc.RemoteEndpoint handleNotification
WARNING: Notification threw an exception: {
  "jsonrpc": "2.0",
  "method": "textDocument/didOpen",
  "params": {
    "textDocument": {
      "uri": "jar:file%3A///C%3A/Program%20Files/Java/jdk-17.0.1/lib/src.zip%21/java.base/java/lang/String.java",
      "languageId": "java",
      "version": 1,
      "text": "jar:file:///C:/Program Files/Java/jdk-17.0.1/lib/src.zip!/java.base/java/lang/String.java is an invalid URI"
    }
  }
}
java.lang.RuntimeException: java.lang.reflect.InvocationTargetException
	at org.eclipse.lsp4j.jsonrpc.services.GenericEndpoint.lambda$null$0(GenericEndpoint.java:67)
	at org.eclipse.lsp4j.jsonrpc.services.GenericEndpoint.notify(GenericEndpoint.java:152)
	at org.eclipse.lsp4j.jsonrpc.RemoteEndpoint.handleNotification(RemoteEndpoint.java:220)
	at org.eclipse.lsp4j.jsonrpc.RemoteEndpoint.consume(RemoteEndpoint.java:187)
	at org.eclipse.lsp4j.jsonrpc.json.StreamMessageProducer.handleMessage(StreamMessageProducer.java:194)
	at org.eclipse.lsp4j.jsonrpc.json.StreamMessageProducer.listen(StreamMessageProducer.java:94)
	at org.eclipse.lsp4j.jsonrpc.json.ConcurrentMessageProcessor.run(ConcurrentMessageProcessor.java:113)
	at java.base/java.util.concurrent.Executors$RunnableAdapter.call(Executors.java:539)
	at java.base/java.util.concurrent.FutureTask.run(FutureTask.java:264)
	at java.base/java.util.concurrent.ThreadPoolExecutor.runWorker(ThreadPoolExecutor.java:1136)
	at java.base/java.util.concurrent.ThreadPoolExecutor$Worker.run(ThreadPoolExecutor.java:635)
	at java.base/java.lang.Thread.run(Thread.java:833)
Caused by: java.lang.reflect.InvocationTargetException
	at java.base/jdk.internal.reflect.NativeMethodAccessorImpl.invoke0(Native Method)
	at java.base/jdk.internal.reflect.NativeMethodAccessorImpl.invoke(NativeMethodAccessorImpl.java:77)
	at java.base/jdk.internal.reflect.DelegatingMethodAccessorImpl.invoke(DelegatingMethodAccessorImpl.java:43)
	at java.base/java.lang.reflect.Method.invoke(Method.java:568)
	at org.eclipse.lsp4j.jsonrpc.services.GenericEndpoint.lambda$null$0(GenericEndpoint.java:65)
	... 11 more
Caused by: java.lang.IllegalArgumentException: Illegal character in opaque part at index 22: jar:file:///C:/Program Files/Java/jdk-17.0.1/lib/src.zip!/java.base/java/lang/String.java
	at java.base/java.net.URI.create(URI.java:906)
	at scala.meta.internal.metals.MetalsEnrichments$XtensionString.toAbsolutePath(MetalsEnrichments.scala:630)
	at scala.meta.internal.metals.MetalsEnrichments$XtensionString.toAbsolutePath(MetalsEnrichments.scala:628)
	at scala.meta.internal.metals.MetalsEnrichments$XtensionString.toAbsolutePath(MetalsEnrichments.scala:621)
	at scala.meta.internal.metals.MetalsLanguageServer.didOpen(MetalsLanguageServer.scala:1033)
	... 16 more
Caused by: java.net.URISyntaxException: Illegal character in opaque part at index 22: jar:file:///C:/Program Files/Java/jdk-17.0.1/lib/src.zip!/java.base/java/lang/String.java
	at java.base/java.net.URI$Parser.fail(URI.java:2974)
	at java.base/java.net.URI$Parser.checkChars(URI.java:3145)
	at java.base/java.net.URI$Parser.parse(URI.java:3181)
	at java.base/java.net.URI.<init>(URI.java:623)
	at java.base/java.net.URI.create(URI.java:904)
	... 20 more

Apr 12, 2022 11:16:04 AM org.eclipse.lsp4j.jsonrpc.RemoteEndpoint handleNotification
WARNING: Notification threw an exception: {
  "jsonrpc": "2.0",
  "method": "textDocument/didClose",
  "params": {
    "textDocument": {
      "uri": "jar:file%3A///C%3A/Program%20Files/Java/jdk-17.0.1/lib/src.zip%21/java.base/java/lang/String.java"
    }
  }
}
java.lang.RuntimeException: java.lang.reflect.InvocationTargetException
	at org.eclipse.lsp4j.jsonrpc.services.GenericEndpoint.lambda$null$0(GenericEndpoint.java:67)
	at org.eclipse.lsp4j.jsonrpc.services.GenericEndpoint.notify(GenericEndpoint.java:152)
	at org.eclipse.lsp4j.jsonrpc.RemoteEndpoint.handleNotification(RemoteEndpoint.java:220)
	at org.eclipse.lsp4j.jsonrpc.RemoteEndpoint.consume(RemoteEndpoint.java:187)
	at org.eclipse.lsp4j.jsonrpc.json.StreamMessageProducer.handleMessage(StreamMessageProducer.java:194)
	at org.eclipse.lsp4j.jsonrpc.json.StreamMessageProducer.listen(StreamMessageProducer.java:94)
	at org.eclipse.lsp4j.jsonrpc.json.ConcurrentMessageProcessor.run(ConcurrentMessageProcessor.java:113)
	at java.base/java.util.concurrent.Executors$RunnableAdapter.call(Executors.java:539)
	at java.base/java.util.concurrent.FutureTask.run(FutureTask.java:264)
	at java.base/java.util.concurrent.ThreadPoolExecutor.runWorker(ThreadPoolExecutor.java:1136)
	at java.base/java.util.concurrent.ThreadPoolExecutor$Worker.run(ThreadPoolExecutor.java:635)
	at java.base/java.lang.Thread.run(Thread.java:833)
Caused by: java.lang.reflect.InvocationTargetException
	at java.base/jdk.internal.reflect.NativeMethodAccessorImpl.invoke0(Native Method)
	at java.base/jdk.internal.reflect.NativeMethodAccessorImpl.invoke(NativeMethodAccessorImpl.java:77)
	at java.base/jdk.internal.reflect.DelegatingMethodAccessorImpl.invoke(DelegatingMethodAccessorImpl.java:43)
	at java.base/java.lang.reflect.Method.invoke(Method.java:568)
	at org.eclipse.lsp4j.jsonrpc.services.GenericEndpoint.lambda$null$0(GenericEndpoint.java:65)
	... 11 more
Caused by: java.lang.IllegalArgumentException: Illegal character in opaque part at index 22: jar:file:///C:/Program Files/Java/jdk-17.0.1/lib/src.zip!/java.base/java/lang/String.java
	at java.base/java.net.URI.create(URI.java:906)
	at scala.meta.internal.metals.MetalsEnrichments$XtensionString.toAbsolutePath(MetalsEnrichments.scala:630)
	at scala.meta.internal.metals.MetalsEnrichments$XtensionString.toAbsolutePath(MetalsEnrichments.scala:628)
	at scala.meta.internal.metals.MetalsEnrichments$XtensionString.toAbsolutePath(MetalsEnrichments.scala:621)
	at scala.meta.internal.metals.MetalsLanguageServer.didClose(MetalsLanguageServer.scala:1202)
	... 16 more
Caused by: java.net.URISyntaxException: Illegal character in opaque part at index 22: jar:file:///C:/Program Files/Java/jdk-17.0.1/lib/src.zip!/java.base/java/lang/String.java
	at java.base/java.net.URI$Parser.fail(URI.java:2974)
	at java.base/java.net.URI$Parser.checkChars(URI.java:3145)
	at java.base/java.net.URI$Parser.parse(URI.java:3181)
	at java.base/java.net.URI.<init>(URI.java:623)
	at java.base/java.net.URI.create(URI.java:904)
	... 20 more

2022.04.12 11:16:26 WARN  no build target for: D:\Documenten\Sogyo\Scala\leap-year\src\main\scala\Main.scala
2022.04.12 11:23:43 WARN  no build target for: D:\Documenten\Sogyo\Scala\leap-year\src\main\scala\Main.scala
2022.04.12 11:28:47 WARN  no build target for: D:\Documenten\Sogyo\Scala\leap-year\src\main\scala\Main.scala
2022.04.12 11:29:15 WARN  no build target for: D:\Documenten\Sogyo\Scala\leap-year\src\main\scala\Main.scala
2022.04.12 11:31:02 WARN  no build target for: D:\Documenten\Sogyo\Scala\leap-year\src\main\scala\Main.scala
2022.04.12 11:33:14 WARN  no build target for: D:\Documenten\Sogyo\Scala\leap-year\src\main\scala\Main.scala
2022.04.12 11:33:53 WARN  no build target for: D:\Documenten\Sogyo\Scala\leap-year\src\main\scala\Main.scala
2022.04.12 11:34:06 WARN  no build target for: D:\Documenten\Sogyo\Scala\leap-year\src\main\scala\Main.scala
2022.04.12 11:34:16 WARN  no build target for: D:\Documenten\Sogyo\Scala\leap-year\src\main\scala\Main.scala
2022.04.12 11:48:15 WARN  no build target for: D:\Documenten\Sogyo\Scala\leap-year\src\main\scala\Main.scala
2022.04.12 11:49:09 INFO  shutting down Metals
2022.04.12 11:49:09 ERROR Unexpected error initializing server
org.eclipse.lsp4j.jsonrpc.ResponseErrorException: Request window/showMessageRequest failed with message: Canceled
	at org.eclipse.lsp4j.jsonrpc.RemoteEndpoint.handleResponse(RemoteEndpoint.java:209)
	at org.eclipse.lsp4j.jsonrpc.RemoteEndpoint.consume(RemoteEndpoint.java:193)
	at org.eclipse.lsp4j.jsonrpc.json.StreamMessageProducer.handleMessage(StreamMessageProducer.java:194)
	at org.eclipse.lsp4j.jsonrpc.json.StreamMessageProducer.listen(StreamMessageProducer.java:94)
	at org.eclipse.lsp4j.jsonrpc.json.ConcurrentMessageProcessor.run(ConcurrentMessageProcessor.java:113)
	at java.util.concurrent.Executors$RunnableAdapter.call(Executors.java:539)
	at java.util.concurrent.FutureTask.run(FutureTask.java:264)
	at java.util.concurrent.ThreadPoolExecutor.runWorker(ThreadPoolExecutor.java:1136)
	at java.util.concurrent.ThreadPoolExecutor$Worker.run(ThreadPoolExecutor.java:635)
	at java.lang.Thread.run(Thread.java:833)

2022.04.12 11:53:07 INFO  tracing is disabled for protocol LSP, to enable tracing of incoming and outgoing JSON messages create an empty file at d:\Documenten\Sogyo\Scala\leap-year\.metals\lsp.trace.json or C:\Users\aron7\AppData\Local\scalameta\metals\cache\lsp.trace.json
2022.04.12 11:53:09 INFO  logging to file D:\Documenten\Sogyo\Scala\leap-year\.metals\metals.log
2022.04.12 11:53:09 INFO  Started: Metals version 0.11.2 in workspace 'D:\Documenten\Sogyo\Scala\leap-year' for client Visual Studio Code 1.66.1.
2022.04.12 11:53:09 INFO  Parse release: 17.0.1
2022.04.12 11:53:12 INFO  time: initialize in 3.22s
2022.04.12 11:53:12 WARN  Build server is not auto-connectable.
2022.04.12 11:53:13 INFO  skipping build import with status 'Requested'
2022.04.12 11:53:14 WARN  no build target for: D:\Documenten\Sogyo\Scala\leap-year\src\main\scala\Main.scala
2022.04.12 11:53:17 INFO  no build target found for D:\Documenten\Sogyo\Scala\leap-year\src\main\scala\Main.scala. Using presentation compiler with project's scala-library version: 3.1.1
2022.04.12 11:53:20 INFO  time: code lens generation in 5.35s
2022.04.12 11:53:20 INFO  time: code lens generation in 5.35s
2022.04.12 11:57:46 WARN  no build target for: D:\Documenten\Sogyo\Scala\leap-year\src\main\scala\Main.scala
2022.04.12 12:04:09 INFO  shutting down Metals
2022.04.12 12:11:23 INFO  tracing is disabled for protocol LSP, to enable tracing of incoming and outgoing JSON messages create an empty file at d:\Documenten\Sogyo\Scala\leap-year\.metals\lsp.trace.json or C:\Users\aron7\AppData\Local\scalameta\metals\cache\lsp.trace.json
2022.04.12 12:11:24 INFO  logging to file D:\Documenten\Sogyo\Scala\leap-year\.metals\metals.log
2022.04.12 12:11:24 INFO  Started: Metals version 0.11.2 in workspace 'D:\Documenten\Sogyo\Scala\leap-year' for client Visual Studio Code 1.66.1.
2022.04.12 12:11:24 INFO  Parse release: 17.0.1
2022.04.12 12:11:28 INFO  time: initialize in 3.32s
2022.04.12 12:11:28 WARN  Build server is not auto-connectable.
2022.04.12 12:11:29 INFO  skipping build import with status 'Requested'
2022.04.12 12:11:30 WARN  no build target for: D:\Documenten\Sogyo\Scala\leap-year\src\main\scala\Main.scala
2022.04.12 12:11:34 INFO  no build target found for D:\Documenten\Sogyo\Scala\leap-year\src\main\scala\Main.scala. Using presentation compiler with project's scala-library version: 3.1.1
2022.04.12 12:11:40 WARN  no build target for: D:\Documenten\Sogyo\Scala\leap-year\build.sbt
2022.04.12 12:13:38 WARN  no build target for: D:\Documenten\Sogyo\Scala\leap-year\build.sbt
2022.04.12 12:14:35 WARN  no build target for: D:\Documenten\Sogyo\Scala\leap-year\build.sbt
2022.04.12 12:14:35 INFO  skipping build import with status 'Dismissed'
2022.04.12 12:18:36 INFO  shutting down Metals
2022.04.12 12:49:51 INFO  tracing is disabled for protocol LSP, to enable tracing of incoming and outgoing JSON messages create an empty file at d:\Documenten\Sogyo\Scala\leap-year\.metals\lsp.trace.json or C:\Users\aron7\AppData\Local\scalameta\metals\cache\lsp.trace.json
2022.04.12 12:49:52 INFO  logging to file D:\Documenten\Sogyo\Scala\leap-year\.metals\metals.log
2022.04.12 12:49:52 INFO  Started: Metals version 0.11.2 in workspace 'D:\Documenten\Sogyo\Scala\leap-year' for client Visual Studio Code 1.66.1.
2022.04.12 12:49:52 INFO  Parse release: 17.0.1
2022.04.12 12:49:55 INFO  time: initialize in 3.09s
2022.04.12 12:49:56 WARN  Build server is not auto-connectable.
2022.04.12 12:49:57 WARN  no build target for: D:\Documenten\Sogyo\Scala\leap-year\build.sbt
2022.04.12 12:50:03 INFO  no build target found for D:\Documenten\Sogyo\Scala\leap-year\build.sbt. Using presentation compiler with project's scala-library version: 3.1.1
2022.04.12 12:50:05 WARN  no build target for: D:\Documenten\Sogyo\Scala\leap-year\build.sbt
2022.04.12 12:50:05 INFO  skipping build import with status 'Requested'
2022.04.12 12:50:06 INFO  time: code lens generation in 7.71s
2022.04.12 12:50:06 INFO  time: code lens generation in 1.36s
2022.04.12 12:50:06 INFO  time: code lens generation in 7.71s
2022.04.12 12:50:06 INFO  time: code lens generation in 1.35s
2022.04.12 13:43:00 INFO  tracing is disabled for protocol LSP, to enable tracing of incoming and outgoing JSON messages create an empty file at d:\Documenten\Sogyo\Scala\leap-year\.metals\lsp.trace.json or C:\Users\aron7\AppData\Local\scalameta\metals\cache\lsp.trace.json
2022.04.12 13:45:12 INFO  tracing is disabled for protocol LSP, to enable tracing of incoming and outgoing JSON messages create an empty file at d:\Documenten\Sogyo\Scala\leap-year\.metals\lsp.trace.json or C:\Users\aron7\AppData\Local\scalameta\metals\cache\lsp.trace.json
2022.04.12 13:45:13 INFO  logging to file D:\Documenten\Sogyo\Scala\leap-year\.metals\metals.log
2022.04.12 13:45:13 INFO  Started: Metals version 0.11.2 in workspace 'D:\Documenten\Sogyo\Scala\leap-year' for client Visual Studio Code 1.66.1.
2022.04.12 13:45:13 INFO  Parse release: 17.0.1
2022.04.12 13:45:16 INFO  time: initialize in 3.02s
2022.04.12 13:45:20 WARN  Build server is not auto-connectable.
2022.04.12 13:45:20 INFO  skipping build import with status 'Requested'
2022.04.12 13:45:22 WARN  no build target for: D:\Documenten\Sogyo\Scala\leap-year\build.sbt
2022.04.12 13:45:22 WARN  no build target for: D:\Documenten\Sogyo\Scala\leap-year\src\main\scala\Main.scala
2022.04.12 13:45:24 INFO  no build target found for D:\Documenten\Sogyo\Scala\leap-year\build.sbt. Using presentation compiler with project's scala-library version: 3.1.1
2022.04.12 13:45:27 INFO  time: code lens generation in 5.53s
2022.04.12 13:45:27 INFO  time: code lens generation in 5.53s
2022.04.12 13:51:59 WARN  no build target for: D:\Documenten\Sogyo\Scala\leap-year\src\main\scala\Main.scala
2022.04.12 13:52:07 INFO  shutting down Metals
2022.04.12 14:10:16 INFO  tracing is disabled for protocol LSP, to enable tracing of incoming and outgoing JSON messages create an empty file at d:\Documenten\Sogyo\Scala\leap-year\.metals\lsp.trace.json or C:\Users\aron7\AppData\Local\scalameta\metals\cache\lsp.trace.json
2022.04.12 14:10:18 INFO  logging to file D:\Documenten\Sogyo\Scala\leap-year\.metals\metals.log
2022.04.12 14:10:18 INFO  Started: Metals version 0.11.2 in workspace 'D:\Documenten\Sogyo\Scala\leap-year' for client Visual Studio Code 1.66.1.
2022.04.12 14:10:18 INFO  Parse release: 17.0.1
2022.04.12 14:10:22 INFO  time: initialize in 4.42s
2022.04.12 14:10:23 WARN  Build server is not auto-connectable.
2022.04.12 14:10:23 INFO  skipping build import with status 'Requested'
2022.04.12 14:11:36 INFO  tracing is disabled for protocol LSP, to enable tracing of incoming and outgoing JSON messages create an empty file at d:\Documenten\Sogyo\Scala\leap-year\.metals\lsp.trace.json or C:\Users\aron7\AppData\Local\scalameta\metals\cache\lsp.trace.json
2022.04.12 14:11:38 INFO  logging to file D:\Documenten\Sogyo\Scala\leap-year\.metals\metals.log
2022.04.12 14:11:38 INFO  Started: Metals version 0.11.2 in workspace 'D:\Documenten\Sogyo\Scala\leap-year' for client Visual Studio Code 1.66.1.
2022.04.12 14:11:38 INFO  Parse release: 17.0.1
2022.04.12 14:11:41 INFO  time: initialize in 3.29s
2022.04.12 14:11:45 WARN  Build server is not auto-connectable.
2022.04.12 14:11:45 INFO  skipping build import with status 'Requested'
2022.04.12 14:11:47 WARN  no build target for: D:\Documenten\Sogyo\Scala\leap-year\src\main\scala\Main.scala
2022.04.12 14:11:50 INFO  no build target found for D:\Documenten\Sogyo\Scala\leap-year\src\main\scala\Main.scala. Using presentation compiler with project's scala-library version: 3.1.1
2022.04.12 14:11:53 INFO  time: code lens generation in 6.46s
2022.04.12 14:11:53 INFO  time: code lens generation in 6.46s
2022.04.12 16:57:56 INFO  shutting down Metals
2022.04.14 18:47:14 INFO  tracing is disabled for protocol LSP, to enable tracing of incoming and outgoing JSON messages create an empty file at d:\Documenten\Sogyo\Scala\leap-year\.metals\lsp.trace.json or C:\Users\aron7\AppData\Local\scalameta\metals\cache\lsp.trace.json
2022.04.14 18:47:15 INFO  logging to file D:\Documenten\Sogyo\Scala\leap-year\.metals\metals.log
2022.04.14 18:47:15 INFO  Started: Metals version 0.11.2 in workspace 'D:\Documenten\Sogyo\Scala\leap-year' for client Visual Studio Code 1.66.1.
2022.04.14 18:47:15 INFO  Parse release: 17.0.1
2022.04.14 18:47:19 INFO  time: initialize in 3.29s
2022.04.14 18:47:19 WARN  Build server is not auto-connectable.
2022.04.14 18:47:20 INFO  skipping build import with status 'Requested'
2022.04.14 18:47:21 WARN  no build target for: D:\Documenten\Sogyo\Scala\leap-year\src\main\scala\Main.scala
Apr 14, 2022 6:47:22 PM org.eclipse.lsp4j.jsonrpc.RemoteEndpoint handleCancellation
WARNING: Unmatched cancel notification for request id 2
2022.04.14 18:47:25 INFO  no build target found for D:\Documenten\Sogyo\Scala\leap-year\src\main\scala\Main.scala. Using presentation compiler with project's scala-library version: 3.1.1
2022.04.14 18:47:28 INFO  time: code lens generation in 6.27s
2022.04.14 18:47:28 INFO  time: code lens generation in 6.27s
Exception in thread "pool-3-thread-1" java.lang.InterruptedException
	at scala.meta.internal.metals.FutureCancelToken.checkCanceled(FutureCancelToken.scala:29)
	at scala.meta.internal.pc.CompilerAccess.onCompilerJobQueue$$anonfun$1(CompilerAccess.scala:195)
	at scala.meta.internal.pc.CompilerJobQueue$Job.run(CompilerJobQueue.scala:139)
	at java.base/java.util.concurrent.ThreadPoolExecutor.runWorker(ThreadPoolExecutor.java:1136)
	at java.base/java.util.concurrent.ThreadPoolExecutor$Worker.run(ThreadPoolExecutor.java:635)
	at java.base/java.lang.Thread.run(Thread.java:833)
2022.04.14 18:47:28 WARN  no build target for: D:\Documenten\Sogyo\Scala\leap-year\src\main\scala\Main.scala
2022.04.14 19:01:22 INFO  shutting down Metals
