[0m[[0m[0mdebug[0m] [0m[0m> Exec(__runWatch console0, Some(67bc2da1-1af8-41f5-8286-aaf3d4f2967f), Some(CommandSource(console0)))[0m
[0m[[0m[0mdebug[0m] [0m[0m> Exec(sbtStashOnFailure, None, Some(CommandSource(console0)))[0m
[0m[[0m[0mdebug[0m] [0m[0m> Exec(__preWatch console0, None, Some(CommandSource(console0)))[0m
[0m[[0m[0mdebug[0m] [0m[0m> Exec(run, None, Some(CommandSource(console0)))[0m
[0m[[0m[0mdebug[0m] [0m[0mEvaluating tasks: Compile / run[0m
[0m[[0m[0mdebug[0m] [0m[0mRunning task... Cancel: Signal, check cycles: false, forcegc: true[0m
[0m[[0m[0minfo[0m] [0m[0mcompiling 1 Scala source to D:\Documenten\Sogyo\Scala\lists\target\scala-3.1.1\classes ...[0m
[0m[[0m[31merror[0m] [0m[0m[31m-- [E040] Syntax Error: D:\Documenten\Sogyo\Scala\lists\src\main\scala\Main.scala:7:2 [0m[0m
[0m[[0m[31merror[0m] [0m[0m[31m7 |[0m  }[0m
[0m[[0m[31merror[0m] [0m[0m  |  [31m^[0m[0m
[0m[[0m[31merror[0m] [0m[0m  |  'then' expected, but '}' found[0m
[0m[[0m[31merror[0m] [0m[0m[31m-- [E050] Type Error: D:\Documenten\Sogyo\Scala\lists\src\main\scala\Main.scala:6:11 [0m[0m
[0m[[0m[31merror[0m] [0m[0m[31m6 |[0m    [33mif[0m a > highest (highest = a)[0m
[0m[[0m[31merror[0m] [0m[0m  |           [31m^^^^^^^[0m[0m
[0m[[0m[31merror[0m] [0m[0m  |           [33mvalue[0m [35mhighest[0m does not take parameters[0m
[0m[[0m[33mwarn[0m] [0m[0m[33m-- [E129] Potential Issue Warning: D:\Documenten\Sogyo\Scala\lists\src\main\scala\Main.scala:6:32 [0m[0m
[0m[[0m[33mwarn[0m] [0m[0m[33m6 |[0m    [33mif[0m a > highest (highest = a)[0m
[0m[[0m[33mwarn[0m] [0m[0m  |                                [33m^[0m[0m
[0m[[0m[33mwarn[0m] [0m[0m  |A pure expression does nothing in statement position; you may be omitting necessary parentheses[0m
[0m[[0m[33mwarn[0m] [0m[0mone warning found[0m
[0m[[0m[31merror[0m] [0m[0mtwo errors found[0m
[0m[[0m[33mwarn[0m] [0m[0mone warning found[0m
[0m[[0m[31merror[0m] [0m[0mtwo errors found[0m
[0m[[0m[31merror[0m] [0m[0m(Compile / [31mcompileIncremental[0m) Compilation failed[0m
[0m[[0m[31merror[0m] [0m[0mTotal time: 1 s, completed Apr 12, 2022, 2:09:24 PM[0m
[0m[[0m[0mdebug[0m] [0m[0m> Exec(resumeFromFailure, None, Some(CommandSource(console0)))[0m
[0m[[0m[0mdebug[0m] [0m[0m> Exec(sbtPopOnFailure, None, Some(CommandSource(console0)))[0m
[0m[[0m[0mdebug[0m] [0m[0m> Exec(__postWatch console0, None, Some(CommandSource(console0)))[0m
[0m[[0m[0mdebug[0m] [0m[0m> Exec(resumeFromFailure, None, None)[0m
[0m[[0m[0mdebug[0m] [0m[0m> Exec(__waitWatch console0, None, None)[0m
